<?xml version="1.0" encoding="UTF-8" standalone="no"?>
<testsuite failures="0" name="cucumber.runtime.formatter.JUnitFormatter" skipped="0" tests="1" time="13.671792">
    <testcase classname="To validate the fb application" name="To validate the login page" time="13.671792">
        <system-out><![CDATA[Given To launch the edge browser and maximize window........................passed
When The url is launch......................................................passed
And To pass email in email field............................................passed
And To pass password in password field......................................passed
And To click the login button...............................................passed
]]></system-out>
    </testcase>
</testsuite>
